<?xml version="1.0" encoding="UTF-8"?>
<coverage generated="1752772033870" clover="3.2.0">
  <project timestamp="1752772033870" name="All files">
    <metrics statements="11" coveredstatements="11" conditionals="3" coveredconditionals="3" methods="2" coveredmethods="2" elements="16" coveredelements="16" complexity="0" loc="11" ncloc="11" packages="1" files="1" classes="1"/>
    <file name="api.service.ts" path="/Users/michael/github-trending-repo/src/services/api.service.ts">
      <metrics statements="11" coveredstatements="11" conditionals="3" coveredconditionals="3" methods="2" coveredmethods="2"/>
      <line num="4" count="1" type="stmt"/>
      <line num="11" count="15" type="stmt"/>
      <line num="12" count="15" type="stmt"/>
      <line num="14" count="15" type="stmt"/>
      <line num="15" count="15" type="cond" truecount="2" falsecount="0"/>
      <line num="17" count="15" type="stmt"/>
      <line num="19" count="13" type="cond" truecount="1" falsecount="0"/>
      <line num="20" count="7" type="stmt"/>
      <line num="23" count="6" type="stmt"/>
      <line num="25" count="9" type="stmt"/>
      <line num="26" count="9" type="stmt"/>
    </file>
  </project>
</coverage>
