{"/Users/michael/github-trending-repo/src/services/api.service.ts": {"path":"/Users/michael/github-trending-repo/src/services/api.service.ts","statementMap":{"0":{"start":{"line":4,"column":13},"end":{"line":29,"column":2}},"1":{"start":{"line":11,"column":77},"end":{"line":28,"column":null}},"2":{"start":{"line":12,"column":4},"end":{"line":27,"column":5}},"3":{"start":{"line":14,"column":27},"end":{"line":14,"column":54}},"4":{"start":{"line":15,"column":26},"end":{"line":15,"column":69}},"5":{"start":{"line":17,"column":23},"end":{"line":17,"column":58}},"6":{"start":{"line":19,"column":6},"end":{"line":21,"column":7}},"7":{"start":{"line":20,"column":8},"end":{"line":20,"column":66}},"8":{"start":{"line":23,"column":6},"end":{"line":23,"column":29}},"9":{"start":{"line":25,"column":6},"end":{"line":25,"column":50}},"10":{"start":{"line":26,"column":6},"end":{"line":26,"column":18}}},"fnMap":{"0":{"name":"(anonymous_7)","decl":{"start":{"line":11,"column":7},"end":{"line":11,"column":17}},"loc":{"start":{"line":11,"column":77},"end":{"line":28,"column":null}}},"1":{"name":"(anonymous_8)","decl":{"start":{"line":11,"column":77},"end":{"line":11,"column":null}},"loc":{"start":{"line":11,"column":77},"end":{"line":28,"column":3}}}},"branchMap":{"0":{"loc":{"start":{"line":15,"column":26},"end":{"line":15,"column":69}},"type":"cond-expr","locations":[{"start":{"line":15,"column":35},"end":{"line":15,"column":64}},{"start":{"line":15,"column":67},"end":{"line":15,"column":69}}]},"1":{"loc":{"start":{"line":19,"column":6},"end":{"line":21,"column":7}},"type":"if","locations":[{"start":{"line":19,"column":6},"end":{"line":21,"column":7}}]}},"s":{"0":1,"1":15,"2":15,"3":15,"4":15,"5":15,"6":13,"7":7,"8":6,"9":9,"10":9},"f":{"0":15,"1":15},"b":{"0":[3,12],"1":[7]}}
}
